24-07-24 18:12:47 : ========================================
24-07-24 18:12:47 : AuditLog object Added to database
24-07-24 18:12:47 : ========================================
24-07-24 18:12:47 : ========================================
24-07-24 18:12:47 : AuditLog object Added to database
24-07-24 18:12:47 : ========================================
24-07-24 18:12:47 : ========================================
24-07-24 18:12:47 : AuditLog object Added to database
24-07-24 18:12:47 : ========================================
24-07-24 18:12:47 : ========================================
24-07-24 18:12:47 : AuditLog object Added to database
24-07-24 18:12:47 : ========================================
24-07-24 18:12:47 : ========================================
24-07-24 18:12:47 : AuditLog object Added to database
24-07-24 18:12:47 : ========================================
24-07-24 18:12:47 : ========================================
24-07-24 18:12:47 : AuditLog object Added to database
24-07-24 18:12:47 : ========================================
24-07-24 18:12:47 : ========================================
24-07-24 18:12:47 : AuditLog object Added to database
24-07-24 18:12:47 : ========================================
24-07-24 18:12:47 : ========================================
24-07-24 18:12:47 : AuditLog object Added to database
24-07-24 18:12:47 : ========================================
24-07-24 18:12:47 : ========================================
24-07-24 18:12:48 : AuditLog object Added to database
24-07-24 18:12:48 : ========================================
24-07-24 18:12:48 : ========================================
24-07-24 18:12:48 : AuditLog object Added to database
24-07-24 18:12:48 : ========================================
24-07-24 18:12:48 : ========================================
24-07-24 18:12:48 : AuditLog object Added to database
24-07-24 18:12:48 : ========================================
24-07-24 18:12:48 : ========================================
24-07-24 18:12:48 : AuditLog object Added to database
24-07-24 18:12:48 : ========================================
24-07-24 18:12:48 : ========================================
24-07-24 18:12:48 : AuditLog object Added to database
24-07-24 18:12:48 : ========================================
24-07-24 18:12:48 : ========================================
24-07-24 18:12:48 : AuditLog object Added to database
24-07-24 18:12:48 : ========================================
24-07-24 18:12:48 : ========================================
24-07-24 18:12:48 : AuditLog object Added to database
24-07-24 18:12:48 : ========================================
24-07-24 18:12:48 : ========================================
24-07-24 18:12:48 : AuditLog object Added to database
24-07-24 18:12:48 : ========================================
24-07-24 18:15:19 : ========================================
24-07-24 18:15:56 : Error on PostAuditLog - An error occurred while saving the entity changes. See the inner exception for details.
24-07-24 18:16:01 : ========================================
24-07-24 18:16:04 : ---------------------------------------------
24-07-24 18:16:10 : Error on PostAuditLog - An error occurred while saving the entity changes. See the inner exception for details.
24-07-24 18:16:16 : ------------------------------------------
24-07-24 18:16:29 : ---------------------------------------------
24-07-24 18:20:07 : ---------------------------------------------
24-07-24 18:21:15 : Error on PostAuditLog - An error occurred while saving the entity changes. See the inner exception for details.Invalid object name 'SM_AUDITLOG'.
24-07-24 18:21:32 : ------------------------------------------
24-07-24 18:21:34 : ---------------------------------------------
24-07-24 18:21:42 : Error on PostAuditLog - An error occurred while saving the entity changes. See the inner exception for details.Invalid object name 'SM_AUDITLOG'.
24-07-24 18:21:42 : ------------------------------------------
24-07-24 18:21:42 : ---------------------------------------------
24-07-24 18:21:47 : Error on PostAuditLog - An error occurred while saving the entity changes. See the inner exception for details.Invalid object name 'SM_AUDITLOG'.
24-07-24 18:21:47 : ------------------------------------------
24-07-24 18:21:47 : ---------------------------------------------
24-07-24 18:21:47 : Error on PostAuditLog - An error occurred while saving the entity changes. See the inner exception for details.Invalid object name 'SM_AUDITLOG'.
24-07-24 18:21:47 : ------------------------------------------
24-07-24 18:21:47 : ---------------------------------------------
24-07-24 18:21:47 : Error on PostAuditLog - An error occurred while saving the entity changes. See the inner exception for details.Invalid object name 'SM_AUDITLOG'.
24-07-24 18:21:47 : ------------------------------------------
24-07-24 18:21:47 : ---------------------------------------------
24-07-24 18:21:47 : Error on PostAuditLog - An error occurred while saving the entity changes. See the inner exception for details.Invalid object name 'SM_AUDITLOG'.
24-07-24 18:21:47 : ------------------------------------------
24-07-24 18:21:47 : ---------------------------------------------
24-07-24 18:21:47 : Error on PostAuditLog - An error occurred while saving the entity changes. See the inner exception for details.Invalid object name 'SM_AUDITLOG'.
24-07-24 18:21:47 : ------------------------------------------
24-07-24 18:21:47 : ---------------------------------------------
24-07-24 18:21:47 : Error on PostAuditLog - An error occurred while saving the entity changes. See the inner exception for details.Invalid object name 'SM_AUDITLOG'.
24-07-24 18:21:47 : ------------------------------------------
24-07-24 18:21:47 : ---------------------------------------------
24-07-24 18:21:47 : Error on PostAuditLog - An error occurred while saving the entity changes. See the inner exception for details.Invalid object name 'SM_AUDITLOG'.
24-07-24 18:21:47 : ------------------------------------------
24-07-24 18:21:47 : ---------------------------------------------
24-07-24 18:21:47 : Error on PostAuditLog - An error occurred while saving the entity changes. See the inner exception for details.Invalid object name 'SM_AUDITLOG'.
24-07-24 18:21:47 : ------------------------------------------
24-07-24 18:21:47 : ---------------------------------------------
24-07-24 18:21:47 : Error on PostAuditLog - An error occurred while saving the entity changes. See the inner exception for details.Invalid object name 'SM_AUDITLOG'.
24-07-24 18:21:47 : ------------------------------------------
24-07-24 18:21:48 : ---------------------------------------------
24-07-24 18:21:52 : Error on PostAuditLog - An error occurred while saving the entity changes. See the inner exception for details.Invalid object name 'SM_AUDITLOG'.
24-07-24 18:21:52 : ------------------------------------------
24-07-24 18:21:52 : ---------------------------------------------
24-07-24 18:21:52 : Error on PostAuditLog - An error occurred while saving the entity changes. See the inner exception for details.Invalid object name 'SM_AUDITLOG'.
24-07-24 18:21:52 : ------------------------------------------
24-07-24 18:21:52 : ---------------------------------------------
24-07-24 18:21:52 : Error on PostAuditLog - An error occurred while saving the entity changes. See the inner exception for details.Invalid object name 'SM_AUDITLOG'.
24-07-24 18:21:52 : ------------------------------------------
24-07-24 18:21:52 : ---------------------------------------------
24-07-24 18:21:52 : Error on PostAuditLog - An error occurred while saving the entity changes. See the inner exception for details.Invalid object name 'SM_AUDITLOG'.
24-07-24 18:21:52 : ------------------------------------------
24-07-24 18:21:52 : ---------------------------------------------
24-07-24 18:21:52 : Error on PostAuditLog - An error occurred while saving the entity changes. See the inner exception for details.Invalid object name 'SM_AUDITLOG'.
24-07-24 18:21:52 : ------------------------------------------
24-07-24 18:21:52 : ---------------------------------------------
24-07-24 18:21:52 : Error on PostAuditLog - An error occurred while saving the entity changes. See the inner exception for details.Invalid object name 'SM_AUDITLOG'.
24-07-24 18:21:52 : ------------------------------------------
24-07-24 18:21:52 : ---------------------------------------------
24-07-24 18:21:52 : Error on PostAuditLog - An error occurred while saving the entity changes. See the inner exception for details.Invalid object name 'SM_AUDITLOG'.
24-07-24 18:21:52 : ------------------------------------------
24-07-24 18:21:52 : ---------------------------------------------
24-07-24 18:21:52 : Error on PostAuditLog - An error occurred while saving the entity changes. See the inner exception for details.Invalid object name 'SM_AUDITLOG'.
24-07-24 18:21:52 : ------------------------------------------
24-07-24 18:21:52 : ---------------------------------------------
24-07-24 18:21:52 : Error on PostAuditLog - An error occurred while saving the entity changes. See the inner exception for details.Invalid object name 'SM_AUDITLOG'.
24-07-24 18:21:52 : ------------------------------------------
24-07-24 18:21:52 : ---------------------------------------------
24-07-24 18:21:52 : Error on PostAuditLog - An error occurred while saving the entity changes. See the inner exception for details.Invalid object name 'SM_AUDITLOG'.
24-07-24 18:21:52 : ------------------------------------------
24-07-24 18:21:53 : ---------------------------------------------
24-07-24 18:21:53 : Error on PostAuditLog - An error occurred while saving the entity changes. See the inner exception for details.Invalid object name 'SM_AUDITLOG'.
24-07-24 18:21:53 : ------------------------------------------
24-07-24 18:21:53 : ---------------------------------------------
24-07-24 18:21:53 : Error on PostAuditLog - An error occurred while saving the entity changes. See the inner exception for details.Invalid object name 'SM_AUDITLOG'.
24-07-24 18:21:53 : ------------------------------------------
24-07-24 18:21:53 : ---------------------------------------------
24-07-24 18:21:53 : Error on PostAuditLog - An error occurred while saving the entity changes. See the inner exception for details.Invalid object name 'SM_AUDITLOG'.
24-07-24 18:21:53 : ------------------------------------------
24-07-24 18:21:53 : ---------------------------------------------
24-07-24 18:21:53 : Error on PostAuditLog - An error occurred while saving the entity changes. See the inner exception for details.Invalid object name 'SM_AUDITLOG'.
24-07-24 18:21:53 : ------------------------------------------
24-07-24 18:21:53 : ---------------------------------------------
24-07-24 18:21:53 : Error on PostAuditLog - An error occurred while saving the entity changes. See the inner exception for details.Invalid object name 'SM_AUDITLOG'.
24-07-24 18:21:53 : ------------------------------------------
24-07-24 18:21:53 : ---------------------------------------------
24-07-24 18:21:53 : Error on PostAuditLog - An error occurred while saving the entity changes. See the inner exception for details.Invalid object name 'SM_AUDITLOG'.
24-07-24 18:21:53 : ------------------------------------------
24-07-24 18:21:53 : ---------------------------------------------
24-07-24 18:21:53 : Error on PostAuditLog - An error occurred while saving the entity changes. See the inner exception for details.Invalid object name 'SM_AUDITLOG'.
24-07-24 18:21:53 : ------------------------------------------
24-07-24 18:21:53 : ---------------------------------------------
24-07-24 18:21:53 : Error on PostAuditLog - An error occurred while saving the entity changes. See the inner exception for details.Invalid object name 'SM_AUDITLOG'.
24-07-24 18:21:53 : ------------------------------------------
24-07-24 18:21:53 : ---------------------------------------------
24-07-24 18:21:53 : Error on PostAuditLog - An error occurred while saving the entity changes. See the inner exception for details.Invalid object name 'SM_AUDITLOG'.
24-07-24 18:21:53 : ------------------------------------------
24-07-24 18:21:53 : ---------------------------------------------
24-07-24 18:21:53 : Error on PostAuditLog - An error occurred while saving the entity changes. See the inner exception for details.Invalid object name 'SM_AUDITLOG'.
24-07-24 18:21:53 : ------------------------------------------
24-07-24 18:21:53 : ---------------------------------------------
24-07-24 18:21:54 : Error on PostAuditLog - An error occurred while saving the entity changes. See the inner exception for details.Invalid object name 'SM_AUDITLOG'.
24-07-24 18:21:54 : ------------------------------------------
24-07-24 18:21:54 : ---------------------------------------------
24-07-24 18:21:54 : Error on PostAuditLog - An error occurred while saving the entity changes. See the inner exception for details.Invalid object name 'SM_AUDITLOG'.
24-07-24 18:21:54 : ------------------------------------------
24-07-24 18:21:54 : ---------------------------------------------
24-07-24 18:21:54 : Error on PostAuditLog - An error occurred while saving the entity changes. See the inner exception for details.Invalid object name 'SM_AUDITLOG'.
24-07-24 18:21:54 : ------------------------------------------
24-07-24 18:21:54 : ---------------------------------------------
24-07-24 18:21:54 : Error on PostAuditLog - An error occurred while saving the entity changes. See the inner exception for details.Invalid object name 'SM_AUDITLOG'.
24-07-24 18:21:54 : ------------------------------------------
24-07-24 18:21:54 : ---------------------------------------------
24-07-24 18:21:54 : Error on PostAuditLog - An error occurred while saving the entity changes. See the inner exception for details.Invalid object name 'SM_AUDITLOG'.
24-07-24 18:21:54 : ------------------------------------------
24-07-24 18:21:54 : ---------------------------------------------
24-07-24 18:21:54 : Error on PostAuditLog - An error occurred while saving the entity changes. See the inner exception for details.Invalid object name 'SM_AUDITLOG'.
24-07-24 18:21:54 : ------------------------------------------
24-07-24 18:21:54 : ---------------------------------------------
24-07-24 18:21:54 : Error on PostAuditLog - An error occurred while saving the entity changes. See the inner exception for details.Invalid object name 'SM_AUDITLOG'.
24-07-24 18:21:54 : ------------------------------------------
24-07-24 18:21:54 : ---------------------------------------------
24-07-24 18:21:54 : Error on PostAuditLog - An error occurred while saving the entity changes. See the inner exception for details.Invalid object name 'SM_AUDITLOG'.
24-07-24 18:21:54 : ------------------------------------------
24-07-24 18:21:54 : ---------------------------------------------
24-07-24 18:21:54 : Error on PostAuditLog - An error occurred while saving the entity changes. See the inner exception for details.Invalid object name 'SM_AUDITLOG'.
24-07-24 18:21:54 : ------------------------------------------
24-07-24 18:21:54 : ---------------------------------------------
24-07-24 18:21:54 : Error on PostAuditLog - An error occurred while saving the entity changes. See the inner exception for details.Invalid object name 'SM_AUDITLOG'.
24-07-24 18:21:54 : ------------------------------------------
24-07-24 18:21:54 : ---------------------------------------------
24-07-24 18:21:55 : Error on PostAuditLog - An error occurred while saving the entity changes. See the inner exception for details.Invalid object name 'SM_AUDITLOG'.
24-07-24 18:21:55 : ------------------------------------------
24-07-24 18:21:55 : ---------------------------------------------
24-07-24 18:21:55 : Error on PostAuditLog - An error occurred while saving the entity changes. See the inner exception for details.Invalid object name 'SM_AUDITLOG'.
24-07-24 18:21:55 : ------------------------------------------
24-07-24 18:21:55 : ---------------------------------------------
24-07-24 18:21:55 : Error on PostAuditLog - An error occurred while saving the entity changes. See the inner exception for details.Invalid object name 'SM_AUDITLOG'.
24-07-24 18:21:55 : ------------------------------------------
24-07-24 18:21:55 : ---------------------------------------------
24-07-24 18:21:55 : Error on PostAuditLog - An error occurred while saving the entity changes. See the inner exception for details.Invalid object name 'SM_AUDITLOG'.
24-07-24 18:21:55 : ------------------------------------------
24-07-24 18:21:55 : ---------------------------------------------
24-07-24 18:21:55 : Error on PostAuditLog - An error occurred while saving the entity changes. See the inner exception for details.Invalid object name 'SM_AUDITLOG'.
24-07-24 18:21:55 : ------------------------------------------
24-07-24 18:21:55 : ---------------------------------------------
24-07-24 18:21:55 : Error on PostAuditLog - An error occurred while saving the entity changes. See the inner exception for details.Invalid object name 'SM_AUDITLOG'.
24-07-24 18:21:55 : ------------------------------------------
24-07-24 18:21:55 : ---------------------------------------------
24-07-24 18:21:55 : Error on PostAuditLog - An error occurred while saving the entity changes. See the inner exception for details.Invalid object name 'SM_AUDITLOG'.
24-07-24 18:21:55 : ------------------------------------------
24-07-24 18:21:55 : ---------------------------------------------
24-07-24 18:21:55 : Error on PostAuditLog - An error occurred while saving the entity changes. See the inner exception for details.Invalid object name 'SM_AUDITLOG'.
24-07-24 18:21:55 : ------------------------------------------
24-07-24 18:21:55 : ---------------------------------------------
24-07-24 18:21:55 : Error on PostAuditLog - An error occurred while saving the entity changes. See the inner exception for details.Invalid object name 'SM_AUDITLOG'.
24-07-24 18:21:55 : ------------------------------------------
24-07-24 18:21:55 : ---------------------------------------------
24-07-24 18:21:56 : Error on PostAuditLog - An error occurred while saving the entity changes. See the inner exception for details.Invalid object name 'SM_AUDITLOG'.
24-07-24 18:21:56 : ------------------------------------------
24-07-24 18:21:56 : ---------------------------------------------
24-07-24 18:21:56 : Error on PostAuditLog - An error occurred while saving the entity changes. See the inner exception for details.Invalid object name 'SM_AUDITLOG'.
24-07-24 18:21:56 : ------------------------------------------
24-07-24 18:21:56 : ---------------------------------------------
24-07-24 18:21:56 : Error on PostAuditLog - An error occurred while saving the entity changes. See the inner exception for details.Invalid object name 'SM_AUDITLOG'.
24-07-24 18:21:56 : ------------------------------------------
24-07-24 18:21:56 : ---------------------------------------------
24-07-24 18:21:56 : Error on PostAuditLog - An error occurred while saving the entity changes. See the inner exception for details.Invalid object name 'SM_AUDITLOG'.
24-07-24 18:21:56 : ------------------------------------------
24-07-24 18:21:56 : ---------------------------------------------
24-07-24 18:21:56 : Error on PostAuditLog - An error occurred while saving the entity changes. See the inner exception for details.Invalid object name 'SM_AUDITLOG'.
24-07-24 18:21:56 : ------------------------------------------
24-07-24 18:21:56 : ---------------------------------------------
24-07-24 18:21:56 : Error on PostAuditLog - An error occurred while saving the entity changes. See the inner exception for details.Invalid object name 'SM_AUDITLOG'.
24-07-24 18:21:56 : ------------------------------------------
24-07-24 18:21:56 : ---------------------------------------------
24-07-24 18:21:56 : Error on PostAuditLog - An error occurred while saving the entity changes. See the inner exception for details.Invalid object name 'SM_AUDITLOG'.
24-07-24 18:21:56 : ------------------------------------------
24-07-24 18:21:56 : ---------------------------------------------
24-07-24 18:21:56 : Error on PostAuditLog - An error occurred while saving the entity changes. See the inner exception for details.Invalid object name 'SM_AUDITLOG'.
24-07-24 18:21:56 : ------------------------------------------
24-07-24 18:21:56 : ---------------------------------------------
24-07-24 18:21:56 : Error on PostAuditLog - An error occurred while saving the entity changes. See the inner exception for details.Invalid object name 'SM_AUDITLOG'.
24-07-24 18:21:56 : ------------------------------------------
24-07-24 18:21:57 : ---------------------------------------------
24-07-24 18:21:57 : Error on PostAuditLog - An error occurred while saving the entity changes. See the inner exception for details.Invalid object name 'SM_AUDITLOG'.
24-07-24 18:21:57 : ------------------------------------------
24-07-24 18:21:57 : ---------------------------------------------
24-07-24 18:21:57 : Error on PostAuditLog - An error occurred while saving the entity changes. See the inner exception for details.Invalid object name 'SM_AUDITLOG'.
24-07-24 18:21:57 : ------------------------------------------
24-07-24 18:21:57 : ---------------------------------------------
24-07-24 18:21:57 : Error on PostAuditLog - An error occurred while saving the entity changes. See the inner exception for details.Invalid object name 'SM_AUDITLOG'.
24-07-24 18:21:57 : ------------------------------------------
24-07-24 18:21:57 : ---------------------------------------------
24-07-24 18:21:57 : Error on PostAuditLog - An error occurred while saving the entity changes. See the inner exception for details.Invalid object name 'SM_AUDITLOG'.
24-07-24 18:21:57 : ------------------------------------------
24-07-24 18:21:57 : ---------------------------------------------
24-07-24 18:21:57 : Error on PostAuditLog - An error occurred while saving the entity changes. See the inner exception for details.Invalid object name 'SM_AUDITLOG'.
24-07-24 18:21:57 : ------------------------------------------
24-07-24 18:21:57 : ---------------------------------------------
24-07-24 18:21:57 : Error on PostAuditLog - An error occurred while saving the entity changes. See the inner exception for details.Invalid object name 'SM_AUDITLOG'.
24-07-24 18:21:57 : ------------------------------------------
24-07-24 18:21:57 : ---------------------------------------------
24-07-24 18:21:57 : Error on PostAuditLog - An error occurred while saving the entity changes. See the inner exception for details.Invalid object name 'SM_AUDITLOG'.
24-07-24 18:21:57 : ------------------------------------------
24-07-24 18:21:57 : ---------------------------------------------
24-07-24 18:21:57 : Error on PostAuditLog - An error occurred while saving the entity changes. See the inner exception for details.Invalid object name 'SM_AUDITLOG'.
24-07-24 18:21:57 : ------------------------------------------
24-07-24 18:21:57 : ---------------------------------------------
24-07-24 18:21:57 : Error on PostAuditLog - An error occurred while saving the entity changes. See the inner exception for details.Invalid object name 'SM_AUDITLOG'.
24-07-24 18:21:57 : ------------------------------------------
24-07-24 18:21:57 : ---------------------------------------------
24-07-24 18:21:57 : Error on PostAuditLog - An error occurred while saving the entity changes. See the inner exception for details.Invalid object name 'SM_AUDITLOG'.
24-07-24 18:21:57 : ------------------------------------------
24-07-24 18:21:58 : ---------------------------------------------
24-07-24 18:21:58 : Error on PostAuditLog - An error occurred while saving the entity changes. See the inner exception for details.Invalid object name 'SM_AUDITLOG'.
24-07-24 18:21:58 : ------------------------------------------
24-07-24 18:21:58 : ---------------------------------------------
24-07-24 18:21:58 : Error on PostAuditLog - An error occurred while saving the entity changes. See the inner exception for details.Invalid object name 'SM_AUDITLOG'.
24-07-24 18:21:58 : ------------------------------------------
24-07-24 18:24:30 : ---------------------------------------------
24-07-24 18:24:30 : AuditLog object Added to database
24-07-24 18:24:30 : ------------------------------------------
24-07-24 18:24:30 : ---------------------------------------------
24-07-24 18:24:31 : AuditLog object Added to database
24-07-24 18:24:31 : ------------------------------------------
24-07-24 18:24:31 : ---------------------------------------------
24-07-24 18:24:31 : AuditLog object Added to database
24-07-24 18:24:31 : ------------------------------------------
24-07-24 18:24:31 : ---------------------------------------------
24-07-24 18:24:31 : AuditLog object Added to database
24-07-24 18:24:31 : ------------------------------------------
24-07-24 18:24:31 : ---------------------------------------------
24-07-24 18:24:31 : AuditLog object Added to database
24-07-24 18:24:31 : ------------------------------------------
24-07-24 18:24:31 : ---------------------------------------------
24-07-24 18:24:31 : AuditLog object Added to database
24-07-24 18:24:31 : ------------------------------------------
24-07-24 18:24:31 : ---------------------------------------------
24-07-24 18:24:31 : AuditLog object Added to database
24-07-24 18:24:31 : ------------------------------------------
24-07-24 18:24:31 : ---------------------------------------------
24-07-24 18:24:31 : AuditLog object Added to database
24-07-24 18:24:31 : ------------------------------------------
24-07-24 18:24:31 : ---------------------------------------------
24-07-24 18:24:31 : AuditLog object Added to database
24-07-24 18:24:31 : ------------------------------------------
24-07-24 18:24:31 : ---------------------------------------------
24-07-24 18:24:31 : AuditLog object Added to database
24-07-24 18:24:31 : ------------------------------------------
24-07-24 18:24:31 : ---------------------------------------------
24-07-24 18:24:31 : AuditLog object Added to database
24-07-24 18:24:31 : ------------------------------------------
24-07-24 18:24:31 : ---------------------------------------------
24-07-24 18:24:31 : AuditLog object Added to database
24-07-24 18:24:31 : ------------------------------------------
24-07-24 18:24:31 : ---------------------------------------------
24-07-24 18:24:31 : AuditLog object Added to database
24-07-24 18:24:31 : ------------------------------------------
24-07-24 18:24:31 : ---------------------------------------------
24-07-24 18:24:31 : AuditLog object Added to database
24-07-24 18:24:31 : ------------------------------------------
24-07-24 18:24:31 : ---------------------------------------------
24-07-24 18:24:31 : AuditLog object Added to database
24-07-24 18:24:31 : ------------------------------------------
24-07-24 18:24:31 : ---------------------------------------------
24-07-24 18:24:31 : AuditLog object Added to database
24-07-24 18:24:31 : ------------------------------------------
24-07-24 18:24:31 : ---------------------------------------------
24-07-24 18:24:31 : AuditLog object Added to database
24-07-24 18:24:31 : ------------------------------------------
24-07-24 18:24:31 : ---------------------------------------------
24-07-24 18:24:31 : AuditLog object Added to database
24-07-24 18:24:31 : ------------------------------------------
24-07-24 18:24:31 : ---------------------------------------------
24-07-24 18:24:31 : AuditLog object Added to database
24-07-24 18:24:31 : ------------------------------------------
24-07-24 18:24:31 : ---------------------------------------------
24-07-24 18:24:31 : AuditLog object Added to database
24-07-24 18:24:31 : ------------------------------------------
24-07-24 18:24:32 : ---------------------------------------------
24-07-24 18:24:32 : AuditLog object Added to database
24-07-24 18:24:32 : ------------------------------------------
24-07-24 18:24:32 : ---------------------------------------------
24-07-24 18:24:32 : AuditLog object Added to database
24-07-24 18:24:32 : ------------------------------------------
24-07-24 18:24:32 : ---------------------------------------------
24-07-24 18:24:32 : AuditLog object Added to database
24-07-24 18:24:32 : ------------------------------------------
24-07-24 18:24:32 : ---------------------------------------------
24-07-24 18:24:32 : AuditLog object Added to database
24-07-24 18:24:32 : ------------------------------------------
24-07-24 18:24:32 : ---------------------------------------------
24-07-24 18:24:32 : AuditLog object Added to database
24-07-24 18:24:32 : ------------------------------------------
24-07-24 18:24:32 : ---------------------------------------------
24-07-24 18:24:32 : AuditLog object Added to database
24-07-24 18:24:32 : ------------------------------------------
24-07-24 18:24:32 : ---------------------------------------------
24-07-24 18:24:32 : AuditLog object Added to database
24-07-24 18:24:32 : ------------------------------------------
24-07-24 18:24:32 : ---------------------------------------------
24-07-24 18:24:32 : AuditLog object Added to database
24-07-24 18:24:32 : ------------------------------------------
24-07-24 18:24:32 : ---------------------------------------------
24-07-24 18:24:32 : AuditLog object Added to database
24-07-24 18:24:32 : ------------------------------------------
24-07-24 18:24:32 : ---------------------------------------------
24-07-24 18:24:32 : AuditLog object Added to database
24-07-24 18:24:32 : ------------------------------------------
24-07-24 18:24:32 : ---------------------------------------------
24-07-24 18:24:32 : AuditLog object Added to database
24-07-24 18:24:32 : ------------------------------------------
24-07-24 18:24:32 : ---------------------------------------------
24-07-24 18:24:32 : AuditLog object Added to database
24-07-24 18:24:32 : ------------------------------------------
24-07-24 18:24:32 : ---------------------------------------------
24-07-24 18:24:32 : AuditLog object Added to database
24-07-24 18:24:32 : ------------------------------------------
24-07-24 18:24:32 : ---------------------------------------------
24-07-24 18:24:32 : AuditLog object Added to database
24-07-24 18:24:32 : ------------------------------------------
24-07-24 18:24:32 : ---------------------------------------------
24-07-24 18:24:32 : AuditLog object Added to database
24-07-24 18:24:32 : ------------------------------------------
24-07-24 18:24:32 : ---------------------------------------------
24-07-24 18:24:32 : AuditLog object Added to database
24-07-24 18:24:32 : ------------------------------------------
24-07-24 18:24:32 : ---------------------------------------------
24-07-24 18:24:32 : AuditLog object Added to database
24-07-24 18:24:32 : ------------------------------------------
24-07-24 18:24:32 : ---------------------------------------------
24-07-24 18:24:32 : AuditLog object Added to database
24-07-24 18:24:32 : ------------------------------------------
24-07-24 18:24:32 : ---------------------------------------------
24-07-24 18:24:32 : AuditLog object Added to database
24-07-24 18:24:32 : ------------------------------------------
24-07-24 18:24:32 : ---------------------------------------------
24-07-24 18:24:32 : AuditLog object Added to database
24-07-24 18:24:32 : ------------------------------------------
24-07-24 18:24:32 : ---------------------------------------------
24-07-24 18:24:32 : AuditLog object Added to database
24-07-24 18:24:32 : ------------------------------------------
24-07-24 18:24:32 : ---------------------------------------------
24-07-24 18:24:32 : AuditLog object Added to database
24-07-24 18:24:32 : ------------------------------------------
24-07-24 18:24:32 : ---------------------------------------------
24-07-24 18:24:32 : AuditLog object Added to database
24-07-24 18:24:32 : ------------------------------------------
24-07-24 18:24:32 : ---------------------------------------------
24-07-24 18:24:32 : AuditLog object Added to database
24-07-24 18:24:32 : ------------------------------------------
24-07-24 18:24:32 : ---------------------------------------------
24-07-24 18:24:32 : AuditLog object Added to database
24-07-24 18:24:32 : ------------------------------------------
24-07-24 18:24:33 : ---------------------------------------------
24-07-24 18:24:33 : AuditLog object Added to database
24-07-24 18:24:33 : ------------------------------------------
24-07-24 18:24:33 : ---------------------------------------------
24-07-24 18:24:33 : AuditLog object Added to database
24-07-24 18:24:33 : ------------------------------------------
24-07-24 18:24:33 : ---------------------------------------------
24-07-24 18:24:33 : AuditLog object Added to database
24-07-24 18:24:33 : ------------------------------------------
24-07-24 18:24:33 : ---------------------------------------------
24-07-24 18:24:33 : AuditLog object Added to database
24-07-24 18:24:33 : ------------------------------------------
24-07-24 18:24:33 : ---------------------------------------------
24-07-24 18:24:33 : AuditLog object Added to database
24-07-24 18:24:33 : ------------------------------------------
24-07-24 18:24:33 : ---------------------------------------------
24-07-24 18:24:33 : AuditLog object Added to database
24-07-24 18:24:33 : ------------------------------------------
24-07-24 18:24:33 : ---------------------------------------------
24-07-24 18:24:33 : AuditLog object Added to database
24-07-24 18:24:33 : ------------------------------------------
24-07-24 18:24:33 : ---------------------------------------------
24-07-24 18:24:33 : AuditLog object Added to database
24-07-24 18:24:33 : ------------------------------------------
24-07-24 18:24:33 : ---------------------------------------------
24-07-24 18:24:33 : AuditLog object Added to database
24-07-24 18:24:33 : ------------------------------------------
24-07-24 18:24:33 : ---------------------------------------------
24-07-24 18:24:33 : AuditLog object Added to database
24-07-24 18:24:33 : ------------------------------------------
24-07-24 18:24:33 : ---------------------------------------------
24-07-24 18:24:33 : AuditLog object Added to database
24-07-24 18:24:33 : ------------------------------------------
24-07-24 18:24:33 : ---------------------------------------------
24-07-24 18:24:33 : AuditLog object Added to database
24-07-24 18:24:33 : ------------------------------------------
24-07-24 18:24:33 : ---------------------------------------------
24-07-24 18:24:33 : AuditLog object Added to database
24-07-24 18:24:33 : ------------------------------------------
24-07-24 18:24:33 : ---------------------------------------------
24-07-24 18:24:33 : AuditLog object Added to database
24-07-24 18:24:33 : ------------------------------------------
24-07-24 18:24:33 : ---------------------------------------------
24-07-24 18:24:33 : AuditLog object Added to database
24-07-24 18:24:33 : ------------------------------------------
24-07-24 18:24:33 : ---------------------------------------------
24-07-24 18:24:33 : AuditLog object Added to database
24-07-24 18:24:33 : ------------------------------------------
24-07-24 18:24:33 : ---------------------------------------------
24-07-24 18:24:33 : AuditLog object Added to database
24-07-24 18:24:33 : ------------------------------------------
24-07-24 18:24:33 : ---------------------------------------------
24-07-24 18:24:33 : AuditLog object Added to database
24-07-24 18:24:33 : ------------------------------------------
24-07-24 18:24:33 : ---------------------------------------------
24-07-24 18:24:33 : AuditLog object Added to database
24-07-24 18:24:33 : ------------------------------------------
24-07-24 18:24:33 : ---------------------------------------------
24-07-24 18:24:33 : AuditLog object Added to database
24-07-24 18:24:33 : ------------------------------------------
24-07-24 18:24:33 : ---------------------------------------------
24-07-24 18:24:33 : AuditLog object Added to database
24-07-24 18:24:33 : ------------------------------------------
24-07-24 18:24:33 : ---------------------------------------------
24-07-24 18:24:33 : AuditLog object Added to database
24-07-24 18:24:33 : ------------------------------------------
24-07-24 18:24:33 : ---------------------------------------------
24-07-24 18:24:33 : AuditLog object Added to database
24-07-24 18:24:33 : ------------------------------------------
24-07-24 18:24:33 : ---------------------------------------------
24-07-24 18:24:33 : AuditLog object Added to database
24-07-24 18:24:33 : ------------------------------------------
24-07-24 18:24:33 : ---------------------------------------------
24-07-24 18:24:33 : AuditLog object Added to database
24-07-24 18:24:33 : ------------------------------------------
24-07-24 18:28:07 : ---------------------------------------------
24-07-24 18:28:07 : AuditLog object Added to database
24-07-24 18:28:07 : ------------------------------------------
